2008-08-05 13:28:49 Notice: Notice (8): Undefined index:  id in [APP/views/books/view.ctp, line 163]
2008-08-05 13:28:50 Notice: Notice (8): Undefined index:  id in [APP/views/books/view.ctp, line 164]
2008-08-05 13:28:50 Notice: Notice (8): Undefined index:  id in [APP/views/books/view.ctp, line 165]
2008-08-05 13:35:56 Notice: Notice (8): Undefined index:  id in [APP/views/books/view.ctp, line 163]
2008-08-05 13:35:56 Notice: Notice (8): Undefined index:  id in [APP/views/books/view.ctp, line 164]
2008-08-05 13:35:56 Notice: Notice (8): Undefined index:  id in [APP/views/books/view.ctp, line 165]
2008-08-05 14:21:07 Notice: Notice (8): Undefined offset:  0 in [APP/controllers/pages_controller.php, line 72]
2008-08-05 14:21:45 Notice: Notice (8): Undefined offset:  0 in [APP/controllers/pages_controller.php, line 72]
2008-08-05 14:21:45 Notice: Notice (8): Undefined offset:  1 in [APP/controllers/pages_controller.php, line 72]
2008-08-05 14:21:45 Notice: Notice (8): Undefined offset:  2 in [APP/controllers/pages_controller.php, line 72]
2008-08-05 22:24:25 Notice: Notice (8): Undefined variable: XX in [APP/views/books/view.ctp, line 17]
2008-08-06 12:04:36 Notice: Notice (8): Undefined index:  ActiveListings in [APP/views/elements/listings_group.ctp, line 4]
2008-08-06 12:51:33 Notice: Notice (8): Undefined variable: disabledRightSidebar in [APP/views/layouts/default.ctp, line 107]
2008-08-06 13:48:32 Notice: Notice (8): Undefined variable: tb in [APP/models/book.php, line 95]
2008-08-06 13:49:52 Notice: Notice (8): Undefined variable: tb in [APP/models/book.php, line 95]
2008-08-06 14:40:40 Notice: Notice (8): Undefined variable: y in [APP/models/book.php, line 239]
2008-08-06 15:31:16 Notice: Notice (8): Undefined variable: book in [APP/views/books/view.ctp, line 6]
2008-08-06 15:31:16 Notice: Notice (8): Undefined variable: book in [APP/views/books/view.ctp, line 10]
2008-08-06 15:31:16 Notice: Notice (8): Undefined variable: book in [APP/views/books/view.ctp, line 11]
2008-08-06 15:31:16 Notice: Notice (8): Undefined variable: book in [APP/views/books/view.ctp, line 12]
2008-08-06 15:31:16 Notice: Notice (8): Undefined variable: book in [APP/views/books/view.ctp, line 13]
2008-08-06 15:31:16 Notice: Notice (8): Undefined variable: book in [APP/views/books/view.ctp, line 14]
2008-08-06 15:31:16 Notice: Notice (8): Undefined variable: book in [APP/views/books/view.ctp, line 21]
2008-08-06 15:31:17 Notice: Notice (8): Undefined variable: book in [APP/views/books/view.ctp, line 22]
2008-08-06 15:31:17 Notice: Notice (8): Undefined variable: book in [APP/views/books/view.ctp, line 23]
2008-08-06 15:31:17 Notice: Notice (8): Undefined variable: book in [APP/views/books/view.ctp, line 24]
2008-08-06 15:31:17 Notice: Notice (8): Undefined variable: book in [APP/views/books/view.ctp, line 25]
2008-08-06 15:31:17 Notice: Notice (8): Undefined variable: book in [APP/views/books/view.ctp, line 26]
2008-08-06 15:31:17 Notice: Notice (8): Undefined variable: book in [APP/views/books/view.ctp, line 27]
2008-08-06 15:35:34 Notice: Notice (8): Undefined index:  book_id in [APP/models/book.php, line 139]
2008-08-06 15:36:24 Notice: Notice (8): Undefined index:  book_id in [APP/models/book.php, line 141]
2008-08-06 15:37:08 Notice: Notice (8): Undefined index:  book_id in [APP/models/book.php, line 140]
2008-08-07 14:13:26 Notice: Notice (8): Undefined variable: isbn13 in [APP/models/book.php, line 236]
2008-08-07 14:16:30 Notice: Notice (8): Trying to get property of non-object in [APP/models/book.php, line 264]
2008-08-07 14:26:54 Notice: Notice (8): Undefined index:  isbn in [APP/controllers/books_controller.php, line 39]
2008-08-07 14:46:11 Notice: Notice (8): Undefined index:  isbn in [APP/controllers/books_controller.php, line 80]
2008-08-07 14:46:40 Notice: Notice (8): Undefined index:  isbn in [APP/controllers/books_controller.php, line 80]
2008-08-07 15:25:34 Notice: Notice (8): Undefined index:  school_id in [APP/views/books/index.ctp, line 15]
2008-08-07 15:25:35 Notice: Notice (8): Undefined index:  name in [APP/views/books/index.ctp, line 15]
2008-08-07 15:25:52 Notice: Notice (8): Undefined index:  school_id in [APP/views/books/index.ctp, line 15]
2008-08-07 15:25:53 Notice: Notice (8): Undefined index:  name in [APP/views/books/index.ctp, line 15]
2008-08-07 15:26:50 Notice: Notice (8): Undefined index:  school_id in [APP/views/books/index.ctp, line 15]
2008-08-07 15:26:51 Notice: Notice (8): Undefined index:  name in [APP/views/books/index.ctp, line 15]
2008-08-07 15:27:02 Notice: Notice (8): Undefined index:  school_id in [APP/views/books/index.ctp, line 15]
2008-08-07 15:27:02 Notice: Notice (8): Undefined index:  name in [APP/views/books/index.ctp, line 15]
2008-08-07 15:34:46 Notice: Notice (8): Undefined variable: school in [APP/controllers/books_controller.php, line 21]
2008-08-07 15:35:21 Notice: Notice (8): Undefined variable: school in [APP/controllers/books_controller.php, line 21]
2008-08-07 15:35:46 Notice: Notice (8): Undefined variable: school in [APP/controllers/books_controller.php, line 21]
2008-08-07 15:37:09 Notice: Notice (8): Undefined variable: school in [APP/controllers/books_controller.php, line 21]
2008-08-07 15:37:27 Notice: Notice (8): Undefined variable: school in [APP/controllers/books_controller.php, line 21]
2008-08-07 15:37:52 Notice: Notice (8): Undefined variable: school in [APP/controllers/books_controller.php, line 21]
2008-08-07 15:38:44 Notice: Notice (8): Undefined variable: school in [APP/controllers/books_controller.php, line 21]
2008-08-07 15:39:01 Notice: Notice (8): Undefined variable: school in [APP/controllers/books_controller.php, line 21]
2008-08-07 15:40:52 Notice: Notice (8): Undefined variable: school in [APP/controllers/books_controller.php, line 21]
2008-08-07 15:41:33 Notice: Notice (8): Undefined variable: school in [APP/controllers/books_controller.php, line 21]
2008-08-07 15:41:47 Notice: Notice (8): Undefined variable: school in [APP/controllers/books_controller.php, line 21]
2008-08-07 15:42:27 Notice: Notice (8): Undefined variable: school in [APP/controllers/books_controller.php, line 21]
2008-08-07 15:42:35 Notice: Notice (8): Undefined variable: school in [APP/controllers/books_controller.php, line 21]
2008-08-07 15:44:48 Notice: Notice (8): Undefined variable: school in [APP/controllers/books_controller.php, line 21]
2008-08-07 15:46:10 Notice: Notice (8): Undefined property:  BooksController::$param in [APP/controllers/books_controller.php, line 15]
2008-08-07 15:46:10 Notice: Notice (8): Undefined variable: school in [APP/controllers/books_controller.php, line 27]
2008-08-07 15:46:53 Notice: Notice (8): Undefined property:  BooksController::$param in [APP/controllers/books_controller.php, line 15]
2008-08-07 16:42:18 Notice: Notice (8): Undefined variable: school_id in [APP/app_controller.php, line 10]
2008-08-07 16:43:15 Notice: Notice (8): Undefined variable: school_id in [APP/app_controller.php, line 10]
2008-08-07 16:43:15 Notice: Notice (8): Undefined variable: school_id in [APP/app_controller.php, line 11]
2008-08-07 16:43:20 Notice: Notice (8): Undefined variable: school_id in [APP/app_controller.php, line 10]
2008-08-07 16:43:20 Notice: Notice (8): Undefined variable: school_id in [APP/app_controller.php, line 11]
2008-08-07 16:52:25 Notice: Notice (8): Undefined property:  View::$Session in [APP/views/layouts/default.ctp, line 60]
2008-08-07 16:56:34 Notice: Notice (8): Undefined variable: school_info in [APP/views/layouts/default.ctp, line 56]
2008-08-09 10:52:10 Notice: Notice (8): Undefined variable: school_info in [APP/views/layouts/default.ctp, line 56]
2008-08-09 10:52:56 Notice: Notice (8): Undefined variable: school_info in [APP/views/layouts/default.ctp, line 56]
2008-08-09 10:55:12 Notice: Notice (8): Undefined variable: school_info in [APP/views/layouts/default.ctp, line 56]
2008-08-09 10:55:24 Notice: Notice (8): Undefined variable: school_info in [APP/views/layouts/default.ctp, line 56]
2008-08-09 11:06:47 Notice: Notice (8): Undefined variable: perpage in [APP/controllers/users_controller.php, line 140]
2008-08-09 11:43:50 Notice: Notice (8): Undefined variable: school_info in [APP/views/layouts/default.ctp, line 56]
2008-08-09 11:44:59 Notice: Notice (8): Undefined variable: school_info in [APP/views/layouts/default.ctp, line 56]
2008-08-09 11:53:00 Notice: Notice (8): Undefined variable: school_info in [APP/views/users/signup.ctp, line 14]
2008-08-11 13:47:08 Notice: Notice (8): Undefined index:  Auth.User.user_id in [APP/views/layouts/default.ctp, line 61]
2008-08-11 13:47:31 Notice: Notice (8): Undefined index:  Auth.User.user_id in [APP/views/layouts/default.ctp, line 62]
2008-08-11 14:12:06 Notice: Notice (8): Undefined index:  controller in [CORE/cake/dispatcher.php, line 433]
2008-08-11 14:12:06 Notice: Notice (8): Undefined index:  action in [CORE/cake/dispatcher.php, line 434]
2008-08-11 14:12:06 Notice: Notice (8): Undefined index:  controller in [CORE/cake/dispatcher.php, line 144]
2008-08-11 22:17:33 Notice: Notice (8): Undefined index:  Book in [APP/views/elements/topsellers.ctp, line 10]
2008-08-11 22:17:33 Notice: Notice (8): Undefined index:  Book in [APP/views/elements/topsellers.ctp, line 12]
2008-08-11 22:17:33 Notice: Notice (8): Undefined index:  Book in [APP/views/elements/topsellers.ctp, line 13]
2008-08-11 22:17:33 Notice: Notice (8): Undefined index:  Book in [APP/views/elements/topsellers.ctp, line 16]
2008-08-11 22:17:33 Notice: Notice (8): Undefined index:  Book in [APP/views/elements/topsellers.ctp, line 18]
2008-08-11 22:17:35 Notice: Notice (8): Undefined variable: isbn in [APP/controllers/books_controller.php, line 282]
2008-08-11 22:18:34 Notice: Notice (8): Undefined index:  Book in [APP/views/elements/topsellers.ctp, line 12]
2008-08-11 22:18:34 Notice: Notice (8): Undefined index:  Book in [APP/views/elements/topsellers.ctp, line 14]
2008-08-11 22:18:34 Notice: Notice (8): Undefined index:  Book in [APP/views/elements/topsellers.ctp, line 15]
2008-08-11 22:18:34 Notice: Notice (8): Undefined index:  Book in [APP/views/elements/topsellers.ctp, line 18]
2008-08-11 22:18:34 Notice: Notice (8): Undefined index:  Book in [APP/views/elements/topsellers.ctp, line 20]
2008-08-11 22:18:36 Notice: Notice (8): Undefined variable: isbn in [APP/controllers/books_controller.php, line 282]
2008-08-11 22:22:16 Notice: Notice (8): Undefined index:  book in [APP/views/elements/topsellers.ctp, line 11]
2008-08-11 22:22:16 Notice: Notice (8): Undefined index:  book in [APP/views/elements/topsellers.ctp, line 12]
2008-08-11 22:22:16 Notice: Notice (8): Undefined index:  book in [APP/views/elements/topsellers.ctp, line 14]
2008-08-11 22:22:17 Notice: Notice (8): Undefined index:  book in [APP/views/elements/topsellers.ctp, line 15]
2008-08-11 22:22:17 Notice: Notice (8): Undefined index:  book in [APP/views/elements/topsellers.ctp, line 18]
2008-08-11 22:22:18 Notice: Notice (8): Undefined variable: isbn in [APP/controllers/books_controller.php, line 282]
2008-08-11 22:33:12 Notice: Notice (8): Undefined variable: author in [APP/views/elements/topsellers.ctp, line 20]
2008-08-12 09:38:26 Notice: Notice (8): Undefined variable: isbn in [APP/controllers/books_controller.php, line 291]
2008-08-12 09:38:26 Notice: Notice (8): Undefined variable: isbn in [APP/controllers/books_controller.php, line 292]
2008-08-12 09:39:01 Notice: Notice (8): Undefined variable: isbn in [APP/controllers/books_controller.php, line 291]
2008-08-12 09:39:01 Notice: Notice (8): Undefined variable: isbn in [APP/controllers/books_controller.php, line 292]
2008-08-12 09:39:31 Notice: Notice (8): Undefined variable: isbn in [APP/controllers/books_controller.php, line 291]
2008-08-12 09:39:31 Notice: Notice (8): Undefined variable: isbn in [APP/controllers/books_controller.php, line 292]
2008-08-12 09:57:06 Notice: Notice (8): Undefined property:  BooksController::$get_school_id in [APP/controllers/books_controller.php, line 125]
2008-08-12 09:57:06 Notice: Notice (8): Undefined variable: where_school in [APP/controllers/books_controller.php, line 126]
2008-08-12 09:57:28 Notice: Notice (8): Undefined variable: where_school in [APP/controllers/books_controller.php, line 126]
2008-08-12 14:15:33 Notice: Notice (8): Undefined property:  ActiveListingsController::$Book in [APP/controllers/active_listings_controller.php, line 53]
2008-08-12 14:16:02 Notice: Notice (8): Undefined property:  ActiveListingsController::$ActiveListing in [APP/controllers/active_listings_controller.php, line 53]
2008-08-12 14:16:28 Notice: Notice (8): Undefined index:  low_price in [APP/models/book.php, line 330]
2008-08-12 14:16:28 Notice: Notice (8): Undefined index:  high_price in [APP/models/book.php, line 331]
2008-08-12 14:16:28 Notice: Notice (8): Undefined index:  last_sold_price in [APP/models/book.php, line 332]
2008-08-12 14:16:28 Notice: Notice (8): Undefined index:  avg_sold_price in [APP/models/book.php, line 333]
2008-08-12 14:16:28 Notice: Notice (8): Undefined index:  lowest_likenew_price in [APP/models/book.php, line 334]
2008-08-12 14:19:07 Notice: Notice (8): Undefined index:  low_price in [APP/models/book.php, line 330]
2008-08-12 14:19:07 Notice: Notice (8): Undefined index:  high_price in [APP/models/book.php, line 331]
2008-08-12 14:19:07 Notice: Notice (8): Undefined index:  last_sold_price in [APP/models/book.php, line 332]
2008-08-12 14:19:07 Notice: Notice (8): Undefined index:  avg_sold_price in [APP/models/book.php, line 333]
2008-08-12 14:19:07 Notice: Notice (8): Undefined index:  lowest_likenew_price in [APP/models/book.php, line 334]
2008-08-12 14:19:35 Notice: Notice (8): Undefined offset:  0 in [APP/models/book.php, line 332]
2008-08-12 14:19:35 Notice: Notice (8): Undefined index:  avg_sold_price in [APP/models/book.php, line 333]
2008-08-12 14:28:35 Notice: Notice (8): Undefined index:  avg_sold_price in [APP/models/book.php, line 342]
2008-08-12 14:28:37 Notice: Notice (8): Undefined index:  last_sold_price in [APP/views/active_listings/add.ctp, line 13]
2008-08-12 14:31:42 Notice: Notice (8): Undefined index:  avg_sold_price in [APP/models/book.php, line 342]
2008-08-12 14:32:17 Notice: Notice (8): Undefined index:  avg_sold_price in [APP/models/book.php, line 342]
2008-08-12 14:32:35 Notice: Notice (8): Undefined index:  avg_sold_price in [APP/models/book.php, line 342]
2008-08-12 14:41:49 Notice: Notice (8): Undefined variable: show_best_price in [APP/views/elements/book_info.ctp, line 3]
2008-08-12 14:41:50 Notice: Notice (8): Undefined variable: show_best_price in [APP/views/elements/book_info.ctp, line 33]
2008-08-12 14:56:31 Notice: Notice (8): Undefined index:  isbn in [APP/controllers/active_listings_controller.php, line 32]
2008-08-12 15:06:54 Notice: Notice (8): Undefined variable: book in [APP/views/active_listings/add.ctp, line 4]
2008-08-12 15:06:55 Notice: Notice (8): Undefined variable: book in [APP/views/active_listings/add.ctp, line 12]
2008-08-12 15:06:56 Notice: Notice (8): Undefined variable: isbn in [APP/views/active_listings/add.ctp, line 13]
2008-08-12 15:06:57 Notice: Notice (8): Undefined variable: conditions in [APP/views/active_listings/add.ctp, line 14]
2008-08-12 15:06:58 Notice: Notice (8): Undefined variable: isbn in [APP/controllers/books_controller.php, line 298]
2008-08-12 15:06:58 Notice: Notice (8): Undefined variable: isbn in [APP/controllers/books_controller.php, line 299]
2008-08-12 15:06:58 Notice: Notice (8): Undefined variable: isbn in [APP/controllers/books_controller.php, line 313]
2008-08-12 15:16:22 Notice: Notice (8): Undefined index:  isbn in [APP/controllers/books_controller.php, line 136]
2008-08-12 15:16:35 Notice: Notice (8): Undefined index:  isbn in [APP/controllers/books_controller.php, line 136]
2008-08-12 21:42:18 Notice: Notice (8): Array to string conversion in [CORE/cake/libs/view/helpers/paginator.php, line 228]
2008-08-13 11:50:03 Notice: Notice (8): Undefined variable: isbn in [APP/controllers/books_controller.php, line 314]
2008-08-13 11:50:03 Notice: Notice (8): Undefined variable: isbn in [APP/controllers/books_controller.php, line 315]
2008-08-13 11:50:03 Notice: Notice (8): Undefined variable: isbn in [APP/controllers/books_controller.php, line 329]
2008-08-13 12:34:34 Notice: Notice (8): Undefined index:  last_sold_price in [APP/views/active_listings/add.ctp, line 21]
2008-08-13 12:34:36 Notice: Notice (8): Undefined index:  lowest_likenew_price in [APP/views/active_listings/add.ctp, line 27]
2008-08-13 12:41:00 Notice: Notice (8): Undefined offset:  0 in [APP/models/book.php, line 355]
2008-08-13 12:44:59 Notice: Notice (8): Undefined index:  last_sold_price in [APP/views/active_listings/add.ctp, line 21]
2008-08-13 12:45:00 Notice: Notice (8): Undefined index:  lowest_likenew_price in [APP/views/active_listings/add.ctp, line 27]
2008-08-13 12:50:57 Notice: Notice (8): Undefined index:  amazonListPrice in [APP/views/active_listings/add.ctp, line 33]
2008-08-13 13:04:23 Notice: Notice (8): Undefined variable: user_id in [APP/controllers/cart_items_controller.php, line 20]
2008-08-13 13:04:25 Notice: Notice (8): Undefined variable: paginator in [APP/views/cart_items/index.ctp, line 5]
2008-08-13 13:05:36 Notice: Notice (8): Undefined variable: user_id in [APP/controllers/cart_items_controller.php, line 20]
2008-08-13 13:34:32 Notice: Notice (8): Undefined variable: paginator in [APP/views/cart_items/checkout.ctp, line 5]
2008-08-13 13:41:29 Notice: Notice (8): Undefined index:  cart_item_id in [APP/controllers/cart_items_controller.php, line 79]
2008-08-13 13:41:29 Notice: Notice (8): Undefined property:  CartItemsController::$Sale in [APP/controllers/cart_items_controller.php, line 109]
2008-08-13 13:42:31 Notice: Notice (8): Undefined index:  sale_id in [APP/controllers/cart_items_controller.php, line 118]
2008-08-13 13:42:31 Notice: Notice (8): Undefined property:  CartItemsController::$ListingEvent in [APP/controllers/cart_items_controller.php, line 125]
2008-08-13 13:43:17 Notice: Notice (8): Undefined property:  CartItemsController::$ListingEvent in [APP/controllers/cart_items_controller.php, line 126]
2008-08-13 13:44:10 Notice: Notice (8): Undefined index:  sale_id in [APP/controllers/cart_items_controller.php, line 119]
2008-08-13 13:44:10 Notice: Notice (8): Undefined property:  CartItemsController::$ListingEvent in [APP/controllers/cart_items_controller.php, line 126]
2008-08-13 13:44:53 Notice: Notice (8): Undefined index:  sale_id in [APP/controllers/cart_items_controller.php, line 120]
2008-08-13 13:44:53 Notice: Notice (8): Undefined property:  CartItemsController::$ListingEvent in [APP/controllers/cart_items_controller.php, line 127]
2008-08-13 13:44:58 Notice: Notice (8): Undefined index:  sale_id in [APP/controllers/cart_items_controller.php, line 120]
2008-08-13 13:44:58 Notice: Notice (8): Undefined property:  CartItemsController::$ListingEvent in [APP/controllers/cart_items_controller.php, line 127]
2008-08-13 13:48:33 Notice: Notice (8): Undefined property:  CartItemsController::$Book in [APP/controllers/cart_items_controller.php, line 86]
2008-08-13 15:24:14 Notice: Notice (8): Undefined variable: payment_email in [APP/views/active_listings/add.ctp, line 19]
2008-08-14 00:00:19 Notice: Notice (8): Undefined variable: states in [APP/views/users/edit.ctp, line 18]
2008-08-14 00:00:20 Notice: Notice (8): Undefined variable: thisYear in [APP/views/users/edit.ctp, line 21]
2008-08-14 00:00:21 Notice: Notice (8): Undefined variable: user_types in [APP/views/users/edit.ctp, line 23]
2008-08-14 00:05:11 Notice: Notice (8): Undefined variable: schools in [APP/views/users/edit.ctp, line 14]
2008-08-14 01:00:06 Notice: Notice (8): Undefined variable: book in [APP/views/active_listings/edit.ctp, line 4]
2008-08-14 01:00:10 Notice: Notice (8): Undefined variable: book in [APP/views/active_listings/edit.ctp, line 13]
2008-08-14 01:00:14 Notice: Notice (8): Undefined variable: isbn in [APP/views/active_listings/edit.ctp, line 14]
2008-08-14 01:00:18 Notice: Notice (8): Undefined variable: conditions in [APP/views/active_listings/edit.ctp, line 15]
2008-08-14 01:00:20 Notice: Notice (8): Undefined variable: salestats in [APP/views/active_listings/edit.ctp, line 19]
2008-08-14 01:00:23 Notice: Notice (8): Undefined variable: salestats in [APP/views/active_listings/edit.ctp, line 22]
2008-08-14 01:00:25 Notice: Notice (8): Undefined variable: salestats in [APP/views/active_listings/edit.ctp, line 25]
2008-08-14 01:00:27 Notice: Notice (8): Undefined variable: salestats in [APP/views/active_listings/edit.ctp, line 28]
2008-08-14 01:00:29 Notice: Notice (8): Undefined variable: book in [APP/views/active_listings/edit.ctp, line 31]
2008-08-14 01:00:32 Notice: Notice (8): Undefined variable: book in [APP/views/active_listings/edit.ctp, line 34]
2008-08-14 01:00:35 Notice: Notice (8): Undefined variable: payment_email in [APP/views/active_listings/edit.ctp, line 38]
2008-08-14 01:01:21 Notice: Notice (8): Undefined variable: isbn in [APP/controllers/books_controller.php, line 314]
2008-08-14 01:01:21 Notice: Notice (8): Undefined variable: isbn in [APP/controllers/books_controller.php, line 315]
2008-08-14 01:01:21 Notice: Notice (8): Undefined variable: isbn in [APP/controllers/books_controller.php, line 329]
2008-08-14 01:06:54 Notice: Notice (8): Undefined index:  Book in [APP/views/elements/book_info.ctp, line 22]
2008-08-14 01:06:55 Notice: Notice (8): Undefined index:  Book in [APP/views/elements/book_info.ctp, line 26]
2008-08-14 01:06:56 Notice: Notice (8): Undefined index:  Book in [APP/views/elements/book_info.ctp, line 27]
2008-08-14 01:06:57 Notice: Notice (8): Undefined index:  Book in [APP/views/elements/book_info.ctp, line 28]
2008-08-14 01:06:58 Notice: Notice (8): Undefined index:  Book in [APP/views/elements/book_info.ctp, line 29]
2008-08-14 01:06:59 Notice: Notice (8): Undefined index:  Book in [APP/views/elements/book_info.ctp, line 30]
2008-08-14 01:07:00 Notice: Notice (8): Undefined index:  Book in [APP/views/elements/book_info.ctp, line 31]
2008-08-14 01:07:01 Notice: Notice (8): Undefined index:  Book in [APP/views/elements/book_info.ctp, line 32]
2008-08-14 01:07:02 Notice: Notice (8): Undefined index:  Book in [APP/views/active_listings/edit.ctp, line 13]
2008-08-14 01:07:03 Notice: Notice (8): Undefined variable: isbn in [APP/views/active_listings/edit.ctp, line 14]
2008-08-14 01:07:04 Notice: Notice (8): Undefined variable: conditions in [APP/views/active_listings/edit.ctp, line 15]
2008-08-14 01:07:05 Notice: Notice (8): Undefined variable: salestats in [APP/views/active_listings/edit.ctp, line 19]
2008-08-14 01:07:06 Notice: Notice (8): Undefined variable: salestats in [APP/views/active_listings/edit.ctp, line 22]
2008-08-14 01:07:07 Notice: Notice (8): Undefined variable: salestats in [APP/views/active_listings/edit.ctp, line 25]
2008-08-14 01:07:08 Notice: Notice (8): Undefined variable: salestats in [APP/views/active_listings/edit.ctp, line 28]
2008-08-14 01:07:09 Notice: Notice (8): Undefined index:  Book in [APP/views/active_listings/edit.ctp, line 31]
2008-08-14 01:07:10 Notice: Notice (8): Undefined index:  Book in [APP/views/active_listings/edit.ctp, line 34]
2008-08-14 01:07:11 Notice: Notice (8): Undefined variable: payment_email in [APP/views/active_listings/edit.ctp, line 38]
2008-08-14 01:08:29 Notice: Notice (8): Undefined variable: isbn in [APP/views/active_listings/edit.ctp, line 14]
2008-08-14 01:08:30 Notice: Notice (8): Undefined variable: conditions in [APP/views/active_listings/edit.ctp, line 15]
2008-08-14 01:08:31 Notice: Notice (8): Undefined variable: salestats in [APP/views/active_listings/edit.ctp, line 19]
2008-08-14 01:08:32 Notice: Notice (8): Undefined variable: salestats in [APP/views/active_listings/edit.ctp, line 22]
2008-08-14 01:08:33 Notice: Notice (8): Undefined variable: salestats in [APP/views/active_listings/edit.ctp, line 25]
2008-08-14 01:08:34 Notice: Notice (8): Undefined variable: salestats in [APP/views/active_listings/edit.ctp, line 28]
2008-08-14 01:08:34 Notice: Notice (8): Undefined variable: payment_email in [APP/views/active_listings/edit.ctp, line 38]
2008-08-14 01:12:27 Notice: Notice (8): Undefined variable: payment_email in [APP/views/active_listings/edit.ctp, line 39]
2008-08-14 08:03:37 Notice: Notice (8): Undefined index:  username in [APP/controllers/users_controller.php, line 247]
2008-08-14 12:23:31 Notice: Notice (8): Undefined property:  ActiveListingsController::$Security in [APP/app_controller.php, line 73]
2008-08-14 14:05:20 Notice: Notice (8): Undefined index:  buyer_student_id in [APP/controllers/sold_listings_controller.php, line 106]
2008-08-14 14:05:20 Notice: Notice (8): Undefined index:  seller_student_id in [APP/controllers/sold_listings_controller.php, line 107]
2008-08-14 14:05:55 Notice: Notice (8): Undefined index:  buyer_student_id in [APP/controllers/sold_listings_controller.php, line 106]
2008-08-14 14:05:55 Notice: Notice (8): Undefined index:  seller_student_id in [APP/controllers/sold_listings_controller.php, line 107]
2008-08-14 14:12:53 Notice: Notice (8): Undefined variable: id in [APP/controllers/sold_listings_controller.php, line 170]
2008-08-14 14:15:02 Notice: Notice (8): Undefined variable: id in [APP/controllers/sold_listings_controller.php, line 169]
2008-08-14 14:16:14 Notice: Notice (8): Undefined variable: id in [APP/controllers/sold_listings_controller.php, line 172]
2008-08-14 14:19:37 Notice: Notice (8): Undefined index:  SoldListing.listing_id in [APP/controllers/sold_listings_controller.php, line 163]
2008-08-14 14:19:37 Notice: Notice (8): Undefined property:  SoldListingsController::$ListingEvent in [APP/controllers/sold_listings_controller.php, line 164]
2008-08-14 14:22:41 Notice: Notice (8): Undefined property:  SoldListingsController::$ListingEvent in [APP/controllers/sold_listings_controller.php, line 164]
2008-08-14 14:23:24 Notice: Notice (8): Undefined index:  isbn in [APP/views/sold_listings/admin_list_by_student_id.ctp, line 25]
2008-08-14 14:23:25 Notice: Notice (8): Undefined index:  price in [APP/views/sold_listings/admin_list_by_student_id.ctp, line 28]
2008-08-14 14:23:26 Notice: Notice (8): Undefined index:  ListingEvent in [APP/views/sold_listings/admin_list_by_student_id.ctp, line 41]
2008-08-14 14:23:29 Notice: Notice (8): Undefined index:  listing_id in [APP/views/sold_listings/admin_list_by_student_id.ctp, line 47]
2008-08-14 14:24:13 Notice: Notice (8): Undefined index:  isbn in [APP/views/sold_listings/admin_list_by_student_id.ctp, line 25]
2008-08-14 14:24:14 Notice: Notice (8): Undefined index:  price in [APP/views/sold_listings/admin_list_by_student_id.ctp, line 28]
2008-08-14 14:24:15 Notice: Notice (8): Undefined index:  ListingEvent in [APP/views/sold_listings/admin_list_by_student_id.ctp, line 41]
2008-08-14 14:24:17 Notice: Notice (8): Undefined index:  listing_id in [APP/views/sold_listings/admin_list_by_student_id.ctp, line 47]
2008-08-14 14:30:57 Notice: Notice (8): Undefined index:  isbn in [APP/views/sold_listings/admin_list_by_student_id.ctp, line 25]
2008-08-14 14:30:58 Notice: Notice (8): Undefined index:  price in [APP/views/sold_listings/admin_list_by_student_id.ctp, line 28]
2008-08-14 14:31:00 Notice: Notice (8): Undefined index:  ListingEvent in [APP/views/sold_listings/admin_list_by_student_id.ctp, line 41]
2008-08-14 14:31:03 Notice: Notice (8): Undefined index:  listing_id in [APP/views/sold_listings/admin_list_by_student_id.ctp, line 47]
2008-08-14 14:35:23 Notice: Notice (8): Undefined index:  ListingEvent in [APP/views/sold_listings/admin_list_by_student_id.ctp, line 41]
2008-08-14 14:35:27 Notice: Notice (8): Undefined index:  listing_id in [APP/views/sold_listings/admin_list_by_student_id.ctp, line 47]
2008-08-14 14:38:43 Notice: Notice (8): Undefined index:  ListingEvent in [APP/views/sold_listings/admin_list_by_student_id.ctp, line 41]
2008-08-14 14:38:46 Notice: Notice (8): Undefined index:  listing_id in [APP/views/sold_listings/admin_list_by_student_id.ctp, line 47]
2008-08-14 14:39:55 Notice: Notice (8): Undefined index:  listing_id in [APP/views/sold_listings/admin_list_by_student_id.ctp, line 47]
2008-08-14 14:41:28 Notice: Notice (8): Undefined index:  listing_id in [APP/views/sold_listings/admin_list_by_student_id.ctp, line 47]
2008-08-14 14:43:59 Notice: Notice (8): Undefined index:  listing_id in [APP/views/sold_listings/admin_list_by_student_id.ctp, line 47]
2008-08-14 15:53:24 Notice: Notice (8): Use of undefined constant type - assumed 'type' in [APP/views/sold_listings/admin_list_by_student_id.ctp, line 53]
2008-08-14 20:54:14 Notice: Notice (8): Use of undefined constant type - assumed 'type' in [APP/views/sold_listings/admin_list_by_student_id.ctp, line 53]
2008-08-14 20:56:50 Notice: Notice (8): Array to string conversion in [CORE/cake/libs/model/datasources/dbo_source.php, line 567]
2008-08-15 01:24:43 Notice: Notice (8): Trying to get property of non-object in [APP/models/book.php, line 277]
2008-08-15 01:24:43 Notice: Notice (8): Trying to get property of non-object in [APP/models/book.php, line 281]
2008-08-15 01:24:43 Notice: Notice (8): Trying to get property of non-object in [APP/models/book.php, line 287]
2008-08-15 01:24:43 Notice: Notice (8): Trying to get property of non-object in [APP/models/book.php, line 288]
2008-08-15 01:24:43 Notice: Notice (8): Trying to get property of non-object in [APP/models/book.php, line 289]
2008-08-15 01:24:43 Notice: Notice (8): Trying to get property of non-object in [APP/models/book.php, line 290]
2008-08-15 01:24:43 Notice: Notice (8): Trying to get property of non-object in [APP/models/book.php, line 291]
2008-08-15 01:24:43 Notice: Notice (8): Trying to get property of non-object in [APP/models/book.php, line 293]
2008-08-15 01:24:43 Notice: Notice (8): Trying to get property of non-object in [APP/models/book.php, line 294]
2008-08-15 01:24:43 Notice: Notice (8): Trying to get property of non-object in [APP/models/book.php, line 295]
2008-08-15 01:24:43 Notice: Notice (8): Trying to get property of non-object in [APP/models/book.php, line 298]
2008-08-15 01:24:43 Notice: Notice (8): Trying to get property of non-object in [APP/models/book.php, line 300]
2008-08-15 01:24:43 Notice: Notice (8): Trying to get property of non-object in [APP/models/book.php, line 301]
2008-08-15 01:24:43 Notice: Notice (8): Trying to get property of non-object in [APP/models/book.php, line 302]
2008-08-15 09:45:06 Notice: Notice (8): Undefined variable: compare in [APP/views/books/view.ctp, line 15]
2008-08-15 09:45:07 Notice: Notice (8): Undefined variable: compare_info in [APP/views/books/view.ctp, line 19]
2008-08-15 09:45:08 Notice: Notice (8): Undefined variable: compare_info in [APP/views/books/view.ctp, line 20]
2008-08-15 09:45:08 Notice: Notice (8): Undefined variable: compare_info in [APP/views/books/view.ctp, line 21]
2008-08-15 09:45:09 Notice: Notice (8): Undefined variable: compare_info in [APP/views/books/view.ctp, line 22]
2008-08-15 09:45:10 Notice: Notice (8): Undefined variable: compare_info in [APP/views/books/view.ctp, line 23]
2008-08-15 09:45:11 Notice: Notice (8): Undefined variable: compare_info in [APP/views/books/view.ctp, line 24]
2008-08-15 09:45:12 Notice: Notice (8): Undefined variable: compare_info in [APP/views/books/view.ctp, line 25]
2008-08-15 11:02:18 Notice: Notice (8): Trying to get property of non-object in [APP/models/book.php, line 326]
2008-08-15 11:02:18 Notice: Notice (8): Undefined property:  Book::$Book in [APP/models/book.php, line 190]
2008-08-15 11:03:20 Notice: Notice (8): Trying to get property of non-object in [APP/models/book.php, line 326]
2008-08-15 11:05:04 Notice: Notice (8): Trying to get property of non-object in [APP/models/book.php, line 326]
2008-08-15 13:09:11 Notice: Notice (8): Trying to get property of non-object in [APP/models/book.php, line 318]
2008-08-15 13:09:11 Notice: Notice (8): Trying to get property of non-object in [APP/models/book.php, line 322]
2008-08-15 13:09:11 Notice: Notice (8): Trying to get property of non-object in [APP/models/book.php, line 337]
2008-08-15 13:09:11 Notice: Notice (8): Trying to get property of non-object in [APP/models/book.php, line 338]
2008-08-15 13:09:11 Notice: Notice (8): Trying to get property of non-object in [APP/models/book.php, line 339]
2008-08-15 13:09:11 Notice: Notice (8): Trying to get property of non-object in [APP/models/book.php, line 340]
2008-08-15 13:09:11 Notice: Notice (8): Trying to get property of non-object in [APP/models/book.php, line 341]
2008-08-15 13:09:11 Notice: Notice (8): Trying to get property of non-object in [APP/models/book.php, line 343]
2008-08-15 13:09:11 Notice: Notice (8): Trying to get property of non-object in [APP/models/book.php, line 344]
2008-08-15 13:09:11 Notice: Notice (8): Trying to get property of non-object in [APP/models/book.php, line 345]
2008-08-15 13:09:11 Notice: Notice (8): Trying to get property of non-object in [APP/models/book.php, line 357]
2008-08-15 13:09:11 Notice: Notice (8): Trying to get property of non-object in [APP/models/book.php, line 358]
2008-08-15 13:11:41 Notice: Notice (8): Trying to get property of non-object in [APP/models/book.php, line 318]
2008-08-15 13:11:41 Notice: Notice (8): Trying to get property of non-object in [APP/models/book.php, line 322]
2008-08-15 13:11:41 Notice: Notice (8): Trying to get property of non-object in [APP/models/book.php, line 337]
2008-08-15 13:11:41 Notice: Notice (8): Trying to get property of non-object in [APP/models/book.php, line 338]
2008-08-15 13:11:41 Notice: Notice (8): Trying to get property of non-object in [APP/models/book.php, line 339]
2008-08-15 13:11:41 Notice: Notice (8): Trying to get property of non-object in [APP/models/book.php, line 340]
2008-08-15 13:11:41 Notice: Notice (8): Trying to get property of non-object in [APP/models/book.php, line 341]
2008-08-15 13:11:41 Notice: Notice (8): Trying to get property of non-object in [APP/models/book.php, line 343]
2008-08-15 13:11:41 Notice: Notice (8): Trying to get property of non-object in [APP/models/book.php, line 344]
2008-08-15 13:11:41 Notice: Notice (8): Trying to get property of non-object in [APP/models/book.php, line 345]
2008-08-15 13:11:41 Notice: Notice (8): Trying to get property of non-object in [APP/models/book.php, line 357]
2008-08-15 13:11:41 Notice: Notice (8): Trying to get property of non-object in [APP/models/book.php, line 358]
2008-08-15 13:14:14 Notice: Notice (8): Trying to get property of non-object in [APP/models/book.php, line 324]
2008-08-15 13:14:14 Notice: Notice (8): Trying to get property of non-object in [APP/models/book.php, line 328]
2008-08-15 13:14:14 Notice: Notice (8): Trying to get property of non-object in [APP/models/book.php, line 343]
2008-08-15 13:14:14 Notice: Notice (8): Trying to get property of non-object in [APP/models/book.php, line 344]
2008-08-15 13:14:14 Notice: Notice (8): Trying to get property of non-object in [APP/models/book.php, line 345]
2008-08-15 13:14:14 Notice: Notice (8): Trying to get property of non-object in [APP/models/book.php, line 346]
2008-08-15 13:14:14 Notice: Notice (8): Trying to get property of non-object in [APP/models/book.php, line 347]
2008-08-15 13:14:14 Notice: Notice (8): Trying to get property of non-object in [APP/models/book.php, line 349]
2008-08-15 13:14:14 Notice: Notice (8): Trying to get property of non-object in [APP/models/book.php, line 350]
2008-08-15 13:14:14 Notice: Notice (8): Trying to get property of non-object in [APP/models/book.php, line 351]
2008-08-15 13:14:14 Notice: Notice (8): Trying to get property of non-object in [APP/models/book.php, line 363]
2008-08-15 13:14:14 Notice: Notice (8): Trying to get property of non-object in [APP/models/book.php, line 364]
2008-08-15 13:14:26 Notice: Notice (8): Trying to get property of non-object in [APP/models/book.php, line 324]
2008-08-15 13:14:26 Notice: Notice (8): Trying to get property of non-object in [APP/models/book.php, line 328]
2008-08-15 13:14:26 Notice: Notice (8): Trying to get property of non-object in [APP/models/book.php, line 343]
2008-08-15 13:14:26 Notice: Notice (8): Trying to get property of non-object in [APP/models/book.php, line 344]
2008-08-15 13:14:26 Notice: Notice (8): Trying to get property of non-object in [APP/models/book.php, line 345]
2008-08-15 13:14:26 Notice: Notice (8): Trying to get property of non-object in [APP/models/book.php, line 346]
2008-08-15 13:14:26 Notice: Notice (8): Trying to get property of non-object in [APP/models/book.php, line 347]
2008-08-15 13:14:26 Notice: Notice (8): Trying to get property of non-object in [APP/models/book.php, line 349]
2008-08-15 13:14:26 Notice: Notice (8): Trying to get property of non-object in [APP/models/book.php, line 350]
2008-08-15 13:14:26 Notice: Notice (8): Trying to get property of non-object in [APP/models/book.php, line 351]
2008-08-15 13:14:26 Notice: Notice (8): Trying to get property of non-object in [APP/models/book.php, line 363]
2008-08-15 13:14:26 Notice: Notice (8): Trying to get property of non-object in [APP/models/book.php, line 364]
2008-08-15 13:19:13 Notice: Notice (8): Undefined variable: is_an_isbn in [APP/controllers/books_controller.php, line 200]
2008-08-15 13:38:31 Notice: Notice (8): Array to string conversion in [APP/app_controller.php, line 36]
2008-08-15 13:38:31 Notice: Notice (8): Array to string conversion in [APP/app_controller.php, line 36]
2008-08-15 13:38:32 Notice: Notice (8): Array to string conversion in [APP/app_controller.php, line 36]
2008-08-15 13:38:32 Notice: Notice (8): Array to string conversion in [APP/app_controller.php, line 36]
2008-08-15 13:38:32 Notice: Notice (8): Array to string conversion in [APP/app_controller.php, line 36]
2008-08-15 13:38:33 Notice: Notice (8): Array to string conversion in [APP/app_controller.php, line 36]
2008-08-15 13:38:33 Notice: Notice (8): Array to string conversion in [APP/app_controller.php, line 36]
2008-08-15 13:39:03 Notice: Notice (8): Array to string conversion in [APP/app_controller.php, line 36]
2008-08-15 13:39:04 Notice: Notice (8): Array to string conversion in [APP/app_controller.php, line 36]
2008-08-15 13:39:04 Notice: Notice (8): Array to string conversion in [APP/app_controller.php, line 36]
2008-08-15 13:39:04 Notice: Notice (8): Array to string conversion in [APP/app_controller.php, line 36]
2008-08-15 13:39:05 Notice: Notice (8): Array to string conversion in [APP/app_controller.php, line 36]
2008-08-15 13:39:05 Notice: Notice (8): Array to string conversion in [APP/app_controller.php, line 36]
2008-08-15 13:39:05 Notice: Notice (8): Array to string conversion in [APP/app_controller.php, line 36]
2008-08-15 13:40:00 Notice: Notice (8): Array to string conversion in [APP/app_controller.php, line 36]
2008-08-15 13:40:00 Notice: Notice (8): Array to string conversion in [APP/app_controller.php, line 36]
2008-08-15 13:40:01 Notice: Notice (8): Array to string conversion in [APP/app_controller.php, line 36]
2008-08-15 13:40:01 Notice: Notice (8): Array to string conversion in [APP/app_controller.php, line 36]
2008-08-15 13:40:01 Notice: Notice (8): Array to string conversion in [APP/app_controller.php, line 36]
2008-08-15 13:40:02 Notice: Notice (8): Array to string conversion in [APP/app_controller.php, line 36]
2008-08-15 13:40:02 Notice: Notice (8): Array to string conversion in [APP/app_controller.php, line 36]
2008-08-15 15:44:41 Notice: Notice (8): Undefined property:  CartItemsController::$Email in [APP/app_controller.php, line 179]
2008-08-15 15:48:52 Notice: Notice (8): Undefined index:  listing_id in [APP/views/elements/email/html/book_sale.ctp, line 27]
2008-08-15 15:57:28 Notice: Notice (8): Undefined index:  price in [APP/controllers/sold_listings_controller.php, line 233]
2008-08-15 16:01:34 Notice: Notice (8): Undefined index:  SoldLising in [APP/controllers/sold_listings_controller.php, line 233]
2008-08-15 16:03:21 Notice: Notice (8): Undefined index:  SoldLising in [APP/controllers/sold_listings_controller.php, line 233]
2008-08-15 16:04:46 Notice: Notice (8): Undefined variable: listing in [APP/controllers/sold_listings_controller.php, line 236]
2008-08-15 16:04:46 Notice: Notice (8): Undefined index:  Book in [APP/views/elements/email_book_info.ctp, line 9]
2008-08-15 16:04:46 Notice: Notice (8): Undefined index:  Book in [APP/views/elements/email_book_info.ctp, line 13]
2008-08-15 16:04:46 Notice: Notice (8): Undefined index:  Book in [APP/views/elements/email_book_info.ctp, line 16]
2008-08-15 16:04:46 Notice: Notice (8): Undefined index:  SoldListing in [APP/views/elements/email_book_info.ctp, line 19]
2008-08-15 16:04:46 Notice: Notice (8): Undefined index:  SoldListing in [APP/views/elements/email_book_info.ctp, line 22]
2008-08-15 16:04:46 Notice: Notice (8): Undefined index:  SoldListing in [APP/views/elements/email_book_info.ctp, line 24]
2008-08-15 16:04:46 Notice: Notice (8): Undefined index:  SoldListing in [APP/views/elements/email_book_info.ctp, line 31]
2008-08-20 13:32:04 Notice: Notice (8): Undefined variable: school_id in [APP/controllers/books_controller.php, line 77]
2008-08-20 13:32:56 Notice: Notice (8): Undefined variable: school_id in [APP/controllers/books_controller.php, line 77]
2008-08-20 13:36:20 Notice: Notice (8): Undefined index:  Book in [APP/controllers/books_controller.php, line 84]
2008-08-20 13:36:20 Notice: Notice (8): Undefined index:  Book in [APP/controllers/books_controller.php, line 87]
2008-08-20 13:36:20 Notice: Notice (8): Undefined index:  Book in [APP/controllers/books_controller.php, line 88]
2008-08-20 13:38:05 Notice: Notice (8): Undefined index:  Book in [APP/controllers/books_controller.php, line 87]
2008-08-20 13:38:05 Notice: Notice (8): Undefined index:  Book in [APP/controllers/books_controller.php, line 88]
2008-08-20 13:38:57 Notice: Notice (8): Use of undefined constant books - assumed 'books' in [APP/controllers/books_controller.php, line 87]
2008-08-20 13:38:57 Notice: Notice (8): Use of undefined constant author - assumed 'author' in [APP/controllers/books_controller.php, line 87]
2008-08-20 13:38:57 Notice: Notice (8): Use of undefined constant books - assumed 'books' in [APP/controllers/books_controller.php, line 88]
2008-08-20 13:38:57 Notice: Notice (8): Use of undefined constant title - assumed 'title' in [APP/controllers/books_controller.php, line 88]
2008-08-20 16:36:02 Notice: Notice (8): Undefined index:  email in [APP/controllers/users_controller.php, line 50]
2008-08-20 16:37:34 Notice: Notice (8): Undefined index:  email in [APP/controllers/users_controller.php, line 50]
2008-08-20 16:41:08 Notice: Notice (8): Undefined index:  email in [APP/controllers/users_controller.php, line 50]
2008-08-20 16:42:28 Notice: Notice (8): Undefined index:  email in [APP/controllers/users_controller.php, line 50]
2008-08-20 16:48:29 Notice: Notice (8): Undefined index:  title in [APP/views/users/admin_masspay_report.ctp, line 16]
2008-08-20 16:48:29 Notice: Notice (8): Undefined index:  title in [APP/views/users/admin_masspay_report.ctp, line 19]
2008-08-20 16:48:29 Notice: Notice (8): Undefined index:  sales_total in [APP/views/users/admin_masspay_report.ctp, line 36]
2008-08-20 16:49:08 Notice: Notice (8): Undefined index:  title in [APP/views/users/admin_masspay_report.ctp, line 16]
2008-08-20 16:49:08 Notice: Notice (8): Undefined index:  title in [APP/views/users/admin_masspay_report.ctp, line 19]
2008-08-20 16:49:08 Notice: Notice (8): Undefined index:  sales_total in [APP/views/users/admin_masspay_report.ctp, line 36]
2008-08-20 16:50:50 Notice: Notice (8): Undefined index:  sales_total in [APP/views/users/admin_masspay_report.ctp, line 36]
2008-08-20 16:59:14 Notice: Notice (8): Undefined index:  Sale in [APP/views/users/admin_masspay_report.ctp, line 18]
2008-08-20 17:31:23 Notice: Notice (8): Undefined index:  sales_total in [APP/views/users/admin_masspay_report.ctp, line 84]
2008-08-20 18:25:23 Notice: Notice (8): Undefined index:  sale_id in [APP/controllers/components/payment.php, line 109]
2008-08-20 18:30:20 Notice: Notice (8): Undefined index:  uniqueID in [APP/controllers/components/paypal.php, line 635]
2008-08-20 18:30:20 Notice: Notice (8): Undefined variable: requestDetails in [APP/controllers/components/paypal.php, line 646]
2008-08-20 18:30:50 Notice: Notice (8): Undefined variable: requestDetails in [APP/controllers/components/paypal.php, line 646]
2008-08-20 18:33:17 Notice: Notice (8): Only variable references should be returned by reference in [APP/vendors/PEAR/Multi.php, line 84]
2008-08-20 18:36:15 Notice: Notice (8): Only variable references should be returned by reference in [APP/vendors/PEAR/Multi.php, line 84]
2008-08-20 18:50:31 Notice: Notice (8): Only variable references should be returned by reference in [APP/vendors/PEAR/Multi.php, line 84]
2008-08-20 18:51:15 Notice: Notice (8): Only variable references should be returned by reference in [APP/vendors/PEAR/Multi.php, line 84]
2008-08-20 18:53:44 Notice: Notice (8): Only variable references should be returned by reference in [APP/vendors/PEAR/Multi.php, line 84]
2008-08-20 19:20:41 Notice: Notice (8): Undefined variable: compare_info in [APP/views/books/view.ctp, line 11]
2008-08-20 19:20:41 Notice: Notice (8): Undefined variable: compare_info in [APP/views/books/view.ctp, line 12]
2008-08-20 19:20:41 Notice: Notice (8): Undefined variable: compare_info in [APP/views/books/view.ctp, line 13]
2008-08-20 19:20:41 Notice: Notice (8): Undefined variable: compare_info in [APP/views/books/view.ctp, line 14]
2008-08-20 19:20:41 Notice: Notice (8): Undefined variable: compare_info in [APP/views/books/view.ctp, line 15]
2008-08-20 19:20:41 Notice: Notice (8): Undefined variable: compare_info in [APP/views/books/view.ctp, line 16]
2008-08-20 19:20:41 Notice: Notice (8): Undefined variable: compare_info in [APP/views/books/view.ctp, line 17]
2008-08-20 19:23:42 Notice: Notice (8): Undefined variable: compare_info in [APP/views/books/view.ctp, line 11]
2008-08-20 19:23:42 Notice: Notice (8): Undefined variable: compare_info in [APP/views/books/view.ctp, line 12]
2008-08-20 19:23:42 Notice: Notice (8): Undefined variable: compare_mode in [APP/views/elements/listings_group.ctp, line 45]
2008-08-20 19:23:42 Notice: Notice (8): Undefined variable: compare_info in [APP/views/books/view.ctp, line 13]
2008-08-20 19:23:42 Notice: Notice (8): Undefined variable: compare_info in [APP/views/books/view.ctp, line 14]
2008-08-20 19:23:42 Notice: Notice (8): Undefined variable: compare_info in [APP/views/books/view.ctp, line 15]
2008-08-20 19:23:42 Notice: Notice (8): Undefined variable: compare_info in [APP/views/books/view.ctp, line 16]
2008-08-20 19:23:42 Notice: Notice (8): Undefined variable: compare_info in [APP/views/books/view.ctp, line 17]
2008-08-20 19:25:04 Notice: Notice (8): Undefined variable: user in [APP/views/books/view.ctp, line 6]
2008-08-20 19:25:04 Notice: Notice (8): Undefined variable: user in [APP/views/books/view.ctp, line 11]
2008-08-20 19:25:04 Notice: Notice (8): Undefined variable: user in [APP/views/books/view.ctp, line 16]
2008-08-20 19:25:05 Notice: Notice (8): Undefined variable: user in [APP/views/books/view.ctp, line 21]
2008-08-20 19:25:05 Notice: Notice (8): Undefined variable: user in [APP/views/books/view.ctp, line 26]
2008-08-20 19:25:05 Notice: Notice (8): Undefined variable: user in [APP/views/books/view.ctp, line 31]
2008-08-20 19:25:05 Notice: Notice (8): Undefined variable: user in [APP/views/books/view.ctp, line 36]
2008-08-20 19:25:05 Notice: Notice (8): Undefined variable: user in [APP/views/books/view.ctp, line 41]
2008-08-20 19:25:05 Notice: Notice (8): Undefined variable: user in [APP/views/books/view.ctp, line 46]
2008-08-20 19:25:05 Notice: Notice (8): Undefined variable: user in [APP/views/books/view.ctp, line 51]
2008-08-20 19:25:05 Notice: Notice (8): Undefined variable: user in [APP/views/books/view.ctp, line 56]
2008-08-20 19:25:05 Notice: Notice (8): Undefined variable: user in [APP/views/books/view.ctp, line 63]
2008-08-20 19:25:05 Notice: Notice (8): Undefined variable: user in [APP/views/books/view.ctp, line 64]
2008-08-20 19:28:38 Notice: Notice (8): Undefined variable: compare_mode in [APP/views/books/view.ctp, line 12]
2008-08-20 19:28:39 Notice: Notice (8): Undefined variable: compare_mode in [APP/views/books/view.ctp, line 14]
2008-08-20 19:28:39 Notice: Notice (8): Undefined variable: compare_mode in [APP/views/books/view.ctp, line 15]
2008-08-20 19:28:39 Notice: Notice (8): Undefined variable: compare_mode in [APP/views/books/view.ctp, line 16]
2008-08-20 19:28:39 Notice: Notice (8): Undefined variable: compare_mode in [APP/views/books/view.ctp, line 17]
2008-08-20 19:36:46 Notice: Notice (8): Only variable references should be returned by reference in [APP/vendors/PEAR/Multi.php, line 84]
2008-08-20 19:38:38 Notice: Notice (8): Only variable references should be returned by reference in [APP/vendors/PEAR/Multi.php, line 84]
2008-08-20 19:40:03 Notice: Notice (8): Only variable references should be returned by reference in [APP/vendors/PEAR/Multi.php, line 84]
2008-08-20 19:41:51 Notice: Notice (8): Only variable references should be returned by reference in [APP/vendors/PEAR/Multi.php, line 84]
2008-08-20 19:42:10 Notice: Notice (8): Only variable references should be returned by reference in [APP/vendors/PEAR/Multi.php, line 84]
2008-08-20 19:43:11 Notice: Notice (8): Only variable references should be returned by reference in [APP/vendors/PEAR/Multi.php, line 84]
2008-08-20 19:44:39 Notice: Notice (8): Only variable references should be returned by reference in [APP/vendors/PEAR/Multi.php, line 84]
2008-08-20 19:45:04 Notice: Notice (8): Only variable references should be returned by reference in [APP/vendors/PEAR/Multi.php, line 84]
2008-08-20 19:45:31 Notice: Notice (8): Only variable references should be returned by reference in [APP/vendors/PEAR/Multi.php, line 84]
2008-08-20 19:45:45 Notice: Notice (8): Only variable references should be returned by reference in [APP/vendors/PEAR/Multi.php, line 84]
2008-08-20 19:46:14 Notice: Notice (8): Only variable references should be returned by reference in [APP/vendors/PEAR/Multi.php, line 84]
2008-08-20 19:46:28 Notice: Notice (8): Only variable references should be returned by reference in [APP/vendors/PEAR/Multi.php, line 84]
2008-08-20 19:54:37 Notice: Notice (8): Undefined index:  Accepted in [APP/controllers/users_controller.php, line 581]
2008-08-20 23:18:28 Notice: Notice (8): Undefined variable: item in [APP/controllers/cart_items_controller.php, line 220]
2008-08-20 23:18:28 Notice: Notice (8): Undefined variable: item in [APP/controllers/cart_items_controller.php, line 221]
2008-08-20 23:18:28 Notice: Notice (8): Undefined variable: item in [APP/controllers/cart_items_controller.php, line 222]
